<?xml version="1.0" encoding="UTF-8"?>
<!-- Generated by org.testng.reporters.JUnitReportReporter -->
<testsuite hostname="IN2449063W1" failures="0" tests="1" name="test.Hotel_App_Test" time="20.073" errors="0" timestamp="2023-01-05T10:55:46 IST" skipped="0">
  <testcase classname="test.Hotel_App_Test" name="f" time="20.073"/>
  <system-out/>
</testsuite> <!-- test.Hotel_App_Test -->
