<?xml version="1.0" encoding="UTF-8"?>
<!-- Generated by org.testng.reporters.JUnitReportReporter -->
<testsuite hostname="IN2449063W1" failures="0" tests="3" name="test.Annotations_Examples" time="0.007" errors="0" timestamp="2023-01-06T09:35:55 IST" skipped="1">
  <testcase classname="test.Annotations_Examples" name="afunction2" time="0.005"/>
  <system-out>
    <![CDATA[I am inside function 2 ]]>
  </system-out>
  <testcase classname="test.Annotations_Examples" name="Function1" time="0.002"/>
  <system-out>
    <![CDATA[I am inside function 1 ]]>
  </system-out>
  <testcase classname="test.Annotations_Examples" name="Function3">
    <skipped/>
  </testcase> <!-- Function3 -->
  <system-out/>
</testsuite> <!-- test.Annotations_Examples -->
