<?xml version="1.0" encoding="UTF-8"?>
<!-- Generated by org.testng.reporters.JUnitReportReporter -->
<testsuite hostname="IN2449063W1" failures="0" tests="1" name="test.Jay_Hotel_App" time="6.579" errors="0" timestamp="2023-01-05T10:55:46 IST" skipped="0">
  <testcase classname="test.Jay_Hotel_App" name="f" time="6.579"/>
  <system-out/>
</testsuite> <!-- test.Jay_Hotel_App -->
